2023-03-13 14:53:56.459  INFO 19960 --- [main] c.y.s.SpringbootJetcacheApplication      : Starting SpringbootJetcacheApplication using Java 1.8.0_351 on yj with PID 19960 (E:\workspaces-my\springbootlearn0\springboot_jetcache\target\classes started by admin in E:\workspaces-my\springbootlearn0)
2023-03-13 14:53:56.469  INFO 19960 --- [main] c.y.s.SpringbootJetcacheApplication      : The following 4 profiles are active: "dev", "devDB", "devLog", "devCache"
2023-03-13 14:53:58.519  INFO 19960 --- [main] .s.d.r.c.RepositoryConfigurationDelegate : Multiple Spring Data modules found, entering strict repository configuration mode
2023-03-13 14:53:58.524  INFO 19960 --- [main] .s.d.r.c.RepositoryConfigurationDelegate : Bootstrapping Spring Data Redis repositories in DEFAULT mode.
2023-03-13 14:53:58.571  INFO 19960 --- [main] .s.d.r.c.RepositoryConfigurationDelegate : Finished Spring Data repository scanning in 17 ms. Found 0 Redis repository interfaces.
2023-03-13 14:53:59.178  INFO 19960 --- [main] o.s.b.w.embedded.tomcat.TomcatWebServer  : Tomcat initialized with port(s): 8088 (http)
2023-03-13 14:53:59.185  INFO 19960 --- [main] o.apache.catalina.core.StandardService   : Starting service [Tomcat]
2023-03-13 14:53:59.185  INFO 19960 --- [main] org.apache.catalina.core.StandardEngine  : Starting Servlet engine: [Apache Tomcat/9.0.68]
2023-03-13 14:53:59.331  INFO 19960 --- [main] o.a.c.c.C.[Tomcat].[localhost].[/]       : Initializing Spring embedded WebApplicationContext
2023-03-13 14:53:59.331  INFO 19960 --- [main] w.s.c.ServletWebServerApplicationContext : Root WebApplicationContext: initialization completed in 2709 ms
2023-03-13 14:53:59.457  INFO 19960 --- [main] c.a.d.s.b.a.DruidDataSourceAutoConfigure : Init DruidDataSource
2023-03-13 14:54:00.170  INFO 19960 --- [main] com.alibaba.druid.pool.DruidDataSource   : {dataSource-1} inited
2023-03-13 14:54:01.034  INFO 19960 --- [main] c.a.j.a.AbstractCacheAutoInit            : init cache area default , type= linkedhashmap
2023-03-13 14:54:01.044  INFO 19960 --- [main] c.a.j.support.DefaultMetricsManager      : cache stat period at 15 MINUTES
2023-03-13 14:54:01.046  INFO 19960 --- [main] c.a.j.a.AbstractCacheAutoInit            : init cache area default , type= redis
2023-03-13 14:54:01.359  INFO 19960 --- [main] o.s.b.w.embedded.tomcat.TomcatWebServer  : Tomcat started on port(s): 8088 (http) with context path ''
2023-03-13 14:54:01.367  INFO 19960 --- [main] c.y.s.SpringbootJetcacheApplication      : Started SpringbootJetcacheApplication in 6.499 seconds (JVM running for 8.275)
2023-03-13 14:55:48.247  INFO 19960 --- [http-nio-8088-exec-1] o.a.c.c.C.[Tomcat].[localhost].[/]       : Initializing Spring DispatcherServlet 'dispatcherServlet'
2023-03-13 14:55:48.248  INFO 19960 --- [http-nio-8088-exec-1] o.s.web.servlet.DispatcherServlet        : Initializing Servlet 'dispatcherServlet'
2023-03-13 14:55:48.250  INFO 19960 --- [http-nio-8088-exec-1] o.s.web.servlet.DispatcherServlet        : Completed initialization in 2 ms
2023-03-13 14:55:48.276  INFO 19960 --- [http-nio-8088-exec-1] c.y.s.controller.PersonController        : ok is ok...
2023-03-13 14:55:48.276  INFO 19960 --- [http-nio-8088-exec-1] c.y.s.controller.PersonController        : log  ok is ok...
2023-03-13 14:58:26.927  INFO 25344 --- [main] c.y.s.SpringbootJetcacheApplication      : Starting SpringbootJetcacheApplication using Java 1.8.0_351 on yj with PID 25344 (E:\workspaces-my\springbootlearn0\springboot_jetcache\target\classes started by admin in E:\workspaces-my\springbootlearn0)
2023-03-13 14:58:26.930  INFO 25344 --- [main] c.y.s.SpringbootJetcacheApplication      : The following 4 profiles are active: "dev", "devDB", "devLog", "devCache"
2023-03-13 14:58:27.406  INFO 25344 --- [main] .s.d.r.c.RepositoryConfigurationDelegate : Multiple Spring Data modules found, entering strict repository configuration mode
2023-03-13 14:58:27.408  INFO 25344 --- [main] .s.d.r.c.RepositoryConfigurationDelegate : Bootstrapping Spring Data Redis repositories in DEFAULT mode.
2023-03-13 14:58:27.427  INFO 25344 --- [main] .s.d.r.c.RepositoryConfigurationDelegate : Finished Spring Data repository scanning in 8 ms. Found 0 Redis repository interfaces.
2023-03-13 14:58:27.780  INFO 25344 --- [main] o.s.b.w.embedded.tomcat.TomcatWebServer  : Tomcat initialized with port(s): 8088 (http)
2023-03-13 14:58:27.786  INFO 25344 --- [main] o.apache.catalina.core.StandardService   : Starting service [Tomcat]
2023-03-13 14:58:27.787  INFO 25344 --- [main] org.apache.catalina.core.StandardEngine  : Starting Servlet engine: [Apache Tomcat/9.0.68]
2023-03-13 14:58:27.916  INFO 25344 --- [main] o.a.c.c.C.[Tomcat].[localhost].[/]       : Initializing Spring embedded WebApplicationContext
2023-03-13 14:58:27.916  INFO 25344 --- [main] w.s.c.ServletWebServerApplicationContext : Root WebApplicationContext: initialization completed in 959 ms
2023-03-13 14:58:28.026  INFO 25344 --- [main] c.a.d.s.b.a.DruidDataSourceAutoConfigure : Init DruidDataSource
2023-03-13 14:58:28.669  INFO 25344 --- [main] com.alibaba.druid.pool.DruidDataSource   : {dataSource-1} inited
2023-03-13 14:58:29.502  INFO 25344 --- [main] c.a.j.support.DefaultMetricsManager      : cache stat period at 15 MINUTES
2023-03-13 14:58:29.504  INFO 25344 --- [main] c.a.j.a.AbstractCacheAutoInit            : init cache area default , type= linkedhashmap
2023-03-13 14:58:29.739  INFO 25344 --- [main] o.s.b.w.embedded.tomcat.TomcatWebServer  : Tomcat started on port(s): 8088 (http) with context path ''
2023-03-13 14:58:29.746  INFO 25344 --- [main] c.y.s.SpringbootJetcacheApplication      : Started SpringbootJetcacheApplication in 3.165 seconds (JVM running for 3.936)
2023-03-13 14:58:40.582  INFO 25344 --- [http-nio-8088-exec-3] o.a.c.c.C.[Tomcat].[localhost].[/]       : Initializing Spring DispatcherServlet 'dispatcherServlet'
2023-03-13 14:58:40.582  INFO 25344 --- [http-nio-8088-exec-3] o.s.web.servlet.DispatcherServlet        : Initializing Servlet 'dispatcherServlet'
2023-03-13 14:58:40.583  INFO 25344 --- [http-nio-8088-exec-3] o.s.web.servlet.DispatcherServlet        : Completed initialization in 1 ms
2023-03-13 15:00:00.013  INFO 25344 --- [JetCacheDefaultExecutor] c.alicp.jetcache.support.StatInfoLogger  : jetcache stat from 2023-03-13 14:58:29,498 to 2023-03-13 15:00:00,010
cache   |       qps|   rate|           get|           hit|          fail|        expire|avgLoadTime|maxLoadTime
--------+----------+-------+--------------+--------------+--------------+--------------+-----------+-----------
jetcache|      0.09| 85.71%|             7|             6|             0|             0|        0.0|          0
--------+----------+-------+--------------+--------------+--------------+--------------+-----------+-----------

