2022-11-16 20:56:00.038  INFO 1316 --- [main] c.yj.demo_ssmp.DemoSsmpApplicationTests  : Starting DemoSsmpApplicationTests using Java 1.8.0_251 on yyyyjin with PID 1316 (started by yangjin in E:\workspace\WorkSpace1\SpringBootLean\demo_SSMP)
2022-11-16 20:56:00.039  INFO 1316 --- [main] c.yj.demo_ssmp.DemoSsmpApplicationTests  : The following 3 profiles are active: "pro", "proDB", "proMP"
2022-11-16 20:56:01.042  INFO 1316 --- [main] c.a.d.s.b.a.DruidDataSourceAutoConfigure : Init DruidDataSource
2022-11-16 20:56:01.776  INFO 1316 --- [main] com.alibaba.druid.pool.DruidDataSource   : {dataSource-1} inited
2022-11-16 20:56:02.756  INFO 1316 --- [main] c.yj.demo_ssmp.DemoSsmpApplicationTests  : Started DemoSsmpApplicationTests in 3.035 seconds (JVM running for 3.942)
2022-11-16 20:56:02.979  INFO 1316 --- [SpringApplicationShutdownHook] com.alibaba.druid.pool.DruidDataSource   : {dataSource-1} closing ...
2022-11-16 20:56:02.983  INFO 1316 --- [SpringApplicationShutdownHook] com.alibaba.druid.pool.DruidDataSource   : {dataSource-1} closed
2022-11-16 20:57:54.761  INFO 9404 --- [main] c.yj.demo_ssmp.DemoSsmpApplicationTests  : Starting DemoSsmpApplicationTests using Java 1.8.0_251 on yyyyjin with PID 9404 (started by yangjin in E:\workspace\WorkSpace1\SpringBootLean\demo_SSMP)
2022-11-16 20:57:54.789  INFO 9404 --- [main] c.yj.demo_ssmp.DemoSsmpApplicationTests  : The following 3 profiles are active: "pro", "proDB", "proMP"
2022-11-16 20:57:55.559  INFO 9404 --- [main] c.a.d.s.b.a.DruidDataSourceAutoConfigure : Init DruidDataSource
2022-11-16 20:57:56.221  INFO 9404 --- [main] com.alibaba.druid.pool.DruidDataSource   : {dataSource-1} inited
2022-11-16 20:57:57.151  INFO 9404 --- [main] c.yj.demo_ssmp.DemoSsmpApplicationTests  : Started DemoSsmpApplicationTests in 2.76 seconds (JVM running for 3.566)
2022-11-16 20:57:57.377  INFO 9404 --- [SpringApplicationShutdownHook] com.alibaba.druid.pool.DruidDataSource   : {dataSource-1} closing ...
2022-11-16 20:57:57.381  INFO 9404 --- [SpringApplicationShutdownHook] com.alibaba.druid.pool.DruidDataSource   : {dataSource-1} closed
2022-11-16 20:58:30.676  INFO 4224 --- [main] c.yj.demo_ssmp.DemoSsmpApplicationTests  : Starting DemoSsmpApplicationTests using Java 1.8.0_251 on yyyyjin with PID 4224 (started by yangjin in E:\workspace\WorkSpace1\SpringBootLean\demo_SSMP)
2022-11-16 20:58:30.677  INFO 4224 --- [main] c.yj.demo_ssmp.DemoSsmpApplicationTests  : The following 3 profiles are active: "pro", "proDB", "proMP"
2022-11-16 20:58:31.436  INFO 4224 --- [main] c.a.d.s.b.a.DruidDataSourceAutoConfigure : Init DruidDataSource
2022-11-16 20:58:32.128  INFO 4224 --- [main] com.alibaba.druid.pool.DruidDataSource   : {dataSource-1} inited
2022-11-16 20:58:33.186  INFO 4224 --- [main] c.yj.demo_ssmp.DemoSsmpApplicationTests  : Started DemoSsmpApplicationTests in 2.839 seconds (JVM running for 3.677)
2022-11-16 20:58:33.402  INFO 4224 --- [SpringApplicationShutdownHook] com.alibaba.druid.pool.DruidDataSource   : {dataSource-1} closing ...
2022-11-16 20:58:33.406  INFO 4224 --- [SpringApplicationShutdownHook] com.alibaba.druid.pool.DruidDataSource   : {dataSource-1} closed
